This is pdfTeX, Version 3.14159265-2.6-1.40.18 (TeX Live 2017/W32TeX) (preloaded format=pdflatex 2018.2.28)  15 FEB 2019 15:49
entering extended mode
 \write18 enabled.
 %&-line parsing enabled.
**./userguide.tex
(./userguide.tex
LaTeX2e <2017-04-15>
Babel <3.10> and hyphenation patterns for 84 language(s) loaded.
(c:/texlive/2017/texmf-dist/tex/latex/base/article.cls
Document Class: article 2014/09/29 v1.4h Standard LaTeX document class
(c:/texlive/2017/texmf-dist/tex/latex/base/size11.clo
File: size11.clo 2014/09/29 v1.4h Standard LaTeX file (size option)
)
\c@part=\count79
\c@section=\count80
\c@subsection=\count81
\c@subsubsection=\count82
\c@paragraph=\count83
\c@subparagraph=\count84
\c@figure=\count85
\c@table=\count86
\abovecaptionskip=\skip41
\belowcaptionskip=\skip42
\bibindent=\dimen102
)
(c:/texlive/2017/texmf-dist/tex/latex/base/fontenc.sty
Package: fontenc 2017/04/05 v2.0i Standard LaTeX package

(c:/texlive/2017/texmf-dist/tex/latex/base/t1enc.def
File: t1enc.def 2017/04/05 v2.0i Standard LaTeX file
LaTeX Font Info:    Redeclaring font encoding T1 on input line 48.
))
(c:/texlive/2017/texmf-dist/tex/latex/lm/lmodern.sty
Package: lmodern 2009/10/30 v1.6 Latin Modern Fonts
LaTeX Font Info:    Overwriting symbol font `operators' in version `normal'
(Font)                  OT1/cmr/m/n --> OT1/lmr/m/n on input line 22.
LaTeX Font Info:    Overwriting symbol font `letters' in version `normal'
(Font)                  OML/cmm/m/it --> OML/lmm/m/it on input line 23.
LaTeX Font Info:    Overwriting symbol font `symbols' in version `normal'
(Font)                  OMS/cmsy/m/n --> OMS/lmsy/m/n on input line 24.
LaTeX Font Info:    Overwriting symbol font `largesymbols' in version `normal'
(Font)                  OMX/cmex/m/n --> OMX/lmex/m/n on input line 25.
LaTeX Font Info:    Overwriting symbol font `operators' in version `bold'
(Font)                  OT1/cmr/bx/n --> OT1/lmr/bx/n on input line 26.
LaTeX Font Info:    Overwriting symbol font `letters' in version `bold'
(Font)                  OML/cmm/b/it --> OML/lmm/b/it on input line 27.
LaTeX Font Info:    Overwriting symbol font `symbols' in version `bold'
(Font)                  OMS/cmsy/b/n --> OMS/lmsy/b/n on input line 28.
LaTeX Font Info:    Overwriting symbol font `largesymbols' in version `bold'
(Font)                  OMX/cmex/m/n --> OMX/lmex/m/n on input line 29.
LaTeX Font Info:    Overwriting math alphabet `\mathbf' in version `normal'
(Font)                  OT1/cmr/bx/n --> OT1/lmr/bx/n on input line 31.
LaTeX Font Info:    Overwriting math alphabet `\mathsf' in version `normal'
(Font)                  OT1/cmss/m/n --> OT1/lmss/m/n on input line 32.
LaTeX Font Info:    Overwriting math alphabet `\mathit' in version `normal'
(Font)                  OT1/cmr/m/it --> OT1/lmr/m/it on input line 33.
LaTeX Font Info:    Overwriting math alphabet `\mathtt' in version `normal'
(Font)                  OT1/cmtt/m/n --> OT1/lmtt/m/n on input line 34.
LaTeX Font Info:    Overwriting math alphabet `\mathbf' in version `bold'
(Font)                  OT1/cmr/bx/n --> OT1/lmr/bx/n on input line 35.
LaTeX Font Info:    Overwriting math alphabet `\mathsf' in version `bold'
(Font)                  OT1/cmss/bx/n --> OT1/lmss/bx/n on input line 36.
LaTeX Font Info:    Overwriting math alphabet `\mathit' in version `bold'
(Font)                  OT1/cmr/bx/it --> OT1/lmr/bx/it on input line 37.
LaTeX Font Info:    Overwriting math alphabet `\mathtt' in version `bold'
(Font)                  OT1/cmtt/m/n --> OT1/lmtt/m/n on input line 38.
)
(c:/texlive/2017/texmf-dist/tex/latex/psnfss/mathpazo.sty
Package: mathpazo 2005/04/12 PSNFSS-v9.2a Palatino w/ Pazo Math (D.Puga, WaS) 
\symupright=\mathgroup4
)
(c:/texlive/2017/texmf-dist/tex/latex/hyperref/hyperref.sty
Package: hyperref 2017/03/14 v6.85a Hypertext links for LaTeX

(c:/texlive/2017/texmf-dist/tex/generic/oberdiek/hobsub-hyperref.sty
Package: hobsub-hyperref 2016/05/16 v1.14 Bundle oberdiek, subset hyperref (HO)


(c:/texlive/2017/texmf-dist/tex/generic/oberdiek/hobsub-generic.sty
Package: hobsub-generic 2016/05/16 v1.14 Bundle oberdiek, subset generic (HO)
Package: hobsub 2016/05/16 v1.14 Construct package bundles (HO)
Package: infwarerr 2016/05/16 v1.4 Providing info/warning/error messages (HO)
Package: ltxcmds 2016/05/16 v1.23 LaTeX kernel commands for general use (HO)
Package: ifluatex 2016/05/16 v1.4 Provides the ifluatex switch (HO)
Package ifluatex Info: LuaTeX not detected.
Package: ifvtex 2016/05/16 v1.6 Detect VTeX and its facilities (HO)
Package ifvtex Info: VTeX not detected.
Package: intcalc 2016/05/16 v1.2 Expandable calculations with integers (HO)
Package: ifpdf 2017/03/15 v3.2 Provides the ifpdf switch
Package: etexcmds 2016/05/16 v1.6 Avoid name clashes with e-TeX commands (HO)
Package etexcmds Info: Could not find \expanded.
(etexcmds)             That can mean that you are not using pdfTeX 1.50 or
(etexcmds)             that some package has redefined \expanded.
(etexcmds)             In the latter case, load this package earlier.
Package: kvsetkeys 2016/05/16 v1.17 Key value parser (HO)
Package: kvdefinekeys 2016/05/16 v1.4 Define keys (HO)
Package: pdftexcmds 2017/03/19 v0.25 Utility functions of pdfTeX for LuaTeX (HO
)
Package pdftexcmds Info: LuaTeX not detected.
Package pdftexcmds Info: \pdf@primitive is available.
Package pdftexcmds Info: \pdf@ifprimitive is available.
Package pdftexcmds Info: \pdfdraftmode found.
Package: pdfescape 2016/05/16 v1.14 Implements pdfTeX's escape features (HO)
Package: bigintcalc 2016/05/16 v1.4 Expandable calculations on big integers (HO
)
Package: bitset 2016/05/16 v1.2 Handle bit-vector datatype (HO)
Package: uniquecounter 2016/05/16 v1.3 Provide unlimited unique counter (HO)
)
Package hobsub Info: Skipping package `hobsub' (already loaded).
Package: letltxmacro 2016/05/16 v1.5 Let assignment for LaTeX macros (HO)
Package: hopatch 2016/05/16 v1.3 Wrapper for package hooks (HO)
Package: xcolor-patch 2016/05/16 xcolor patch
Package: atveryend 2016/05/16 v1.9 Hooks at the very end of document (HO)
Package atveryend Info: \enddocument detected (standard20110627).
Package: atbegshi 2016/06/09 v1.18 At begin shipout hook (HO)
Package: refcount 2016/05/16 v3.5 Data extraction from label references (HO)
Package: hycolor 2016/05/16 v1.8 Color options for hyperref/bookmark (HO)
)
(c:/texlive/2017/texmf-dist/tex/latex/graphics/keyval.sty
Package: keyval 2014/10/28 v1.15 key=value parser (DPC)
\KV@toks@=\toks14
)
(c:/texlive/2017/texmf-dist/tex/generic/ifxetex/ifxetex.sty
Package: ifxetex 2010/09/12 v0.6 Provides ifxetex conditional
)
(c:/texlive/2017/texmf-dist/tex/latex/oberdiek/auxhook.sty
Package: auxhook 2016/05/16 v1.4 Hooks for auxiliary files (HO)
)
(c:/texlive/2017/texmf-dist/tex/latex/oberdiek/kvoptions.sty
Package: kvoptions 2016/05/16 v3.12 Key value format for package options (HO)
)
\@linkdim=\dimen103
\Hy@linkcounter=\count87
\Hy@pagecounter=\count88

(c:/texlive/2017/texmf-dist/tex/latex/hyperref/pd1enc.def
File: pd1enc.def 2017/03/14 v6.85a Hyperref: PDFDocEncoding definition (HO)
)
\Hy@SavedSpaceFactor=\count89

(c:/texlive/2017/texmf-dist/tex/latex/latexconfig/hyperref.cfg
File: hyperref.cfg 2002/06/06 v1.2 hyperref configuration of TeXLive
)
Package hyperref Info: Option `colorlinks' set `true' on input line 4374.
Package hyperref Info: Hyper figures OFF on input line 4498.
Package hyperref Info: Link nesting OFF on input line 4503.
Package hyperref Info: Hyper index ON on input line 4506.
Package hyperref Info: Plain pages OFF on input line 4513.
Package hyperref Info: Backreferencing OFF on input line 4518.
Package hyperref Info: Implicit mode ON; LaTeX internals redefined.
Package hyperref Info: Bookmarks ON on input line 4751.
\c@Hy@tempcnt=\count90

(c:/texlive/2017/texmf-dist/tex/latex/url/url.sty
\Urlmuskip=\muskip10
Package: url 2013/09/16  ver 3.4  Verb mode for urls, etc.
)
LaTeX Info: Redefining \url on input line 5104.
\XeTeXLinkMargin=\dimen104
\Fld@menulength=\count91
\Field@Width=\dimen105
\Fld@charsize=\dimen106
Package hyperref Info: Hyper figures OFF on input line 6358.
Package hyperref Info: Link nesting OFF on input line 6363.
Package hyperref Info: Hyper index ON on input line 6366.
Package hyperref Info: backreferencing OFF on input line 6373.
Package hyperref Info: Link coloring ON on input line 6376.
Package hyperref Info: Link coloring with OCG OFF on input line 6383.
Package hyperref Info: PDF/A mode OFF on input line 6388.
LaTeX Info: Redefining \ref on input line 6428.
LaTeX Info: Redefining \pageref on input line 6432.
\Hy@abspage=\count92
\c@Item=\count93
\c@Hfootnote=\count94
)

Package hyperref Message: Driver (autodetected): hpdftex.

(c:/texlive/2017/texmf-dist/tex/latex/hyperref/hpdftex.def
File: hpdftex.def 2017/03/14 v6.85a Hyperref driver for pdfTeX
\Fld@listcount=\count95
\c@bookmark@seq@number=\count96

(c:/texlive/2017/texmf-dist/tex/latex/oberdiek/rerunfilecheck.sty
Package: rerunfilecheck 2016/05/16 v1.8 Rerun checks for auxiliary files (HO)
Package uniquecounter Info: New unique counter `rerunfilecheck' on input line 2
82.
)
\Hy@SectionHShift=\skip43
)
(c:/texlive/2017/texmf-dist/tex/latex/upquote/upquote.sty
Package: upquote 2012/04/19 v1.3 upright-quote and grave-accent glyphs in verba
tim

(c:/texlive/2017/texmf-dist/tex/latex/base/textcomp.sty
Package: textcomp 2017/04/05 v2.0i Standard LaTeX package
Package textcomp Info: Sub-encoding information:
(textcomp)               5 = only ISO-Adobe without \textcurrency
(textcomp)               4 = 5 + \texteuro
(textcomp)               3 = 4 + \textohm
(textcomp)               2 = 3 + \textestimated + \textcurrency
(textcomp)               1 = TS1 - \textcircled - \t
(textcomp)               0 = TS1 (full)
(textcomp)             Font families with sub-encoding setting implement
(textcomp)             only a restricted character set as indicated.
(textcomp)             Family '?' is the default used for unknown fonts.
(textcomp)             See the documentation for details.
Package textcomp Info: Setting ? sub-encoding to TS1/1 on input line 79.

(c:/texlive/2017/texmf-dist/tex/latex/base/ts1enc.def
File: ts1enc.def 2001/06/05 v3.0e (jk/car/fm) Standard LaTeX file
)
LaTeX Info: Redefining \oldstylenums on input line 334.
Package textcomp Info: Setting cmr sub-encoding to TS1/0 on input line 349.
Package textcomp Info: Setting cmss sub-encoding to TS1/0 on input line 350.
Package textcomp Info: Setting cmtt sub-encoding to TS1/0 on input line 351.
Package textcomp Info: Setting cmvtt sub-encoding to TS1/0 on input line 352.
Package textcomp Info: Setting cmbr sub-encoding to TS1/0 on input line 353.
Package textcomp Info: Setting cmtl sub-encoding to TS1/0 on input line 354.
Package textcomp Info: Setting ccr sub-encoding to TS1/0 on input line 355.
Package textcomp Info: Setting ptm sub-encoding to TS1/4 on input line 356.
Package textcomp Info: Setting pcr sub-encoding to TS1/4 on input line 357.
Package textcomp Info: Setting phv sub-encoding to TS1/4 on input line 358.
Package textcomp Info: Setting ppl sub-encoding to TS1/3 on input line 359.
Package textcomp Info: Setting pag sub-encoding to TS1/4 on input line 360.
Package textcomp Info: Setting pbk sub-encoding to TS1/4 on input line 361.
Package textcomp Info: Setting pnc sub-encoding to TS1/4 on input line 362.
Package textcomp Info: Setting pzc sub-encoding to TS1/4 on input line 363.
Package textcomp Info: Setting bch sub-encoding to TS1/4 on input line 364.
Package textcomp Info: Setting put sub-encoding to TS1/5 on input line 365.
Package textcomp Info: Setting uag sub-encoding to TS1/5 on input line 366.
Package textcomp Info: Setting ugq sub-encoding to TS1/5 on input line 367.
Package textcomp Info: Setting ul8 sub-encoding to TS1/4 on input line 368.
Package textcomp Info: Setting ul9 sub-encoding to TS1/4 on input line 369.
Package textcomp Info: Setting augie sub-encoding to TS1/5 on input line 370.
Package textcomp Info: Setting dayrom sub-encoding to TS1/3 on input line 371.
Package textcomp Info: Setting dayroms sub-encoding to TS1/3 on input line 372.

Package textcomp Info: Setting pxr sub-encoding to TS1/0 on input line 373.
Package textcomp Info: Setting pxss sub-encoding to TS1/0 on input line 374.
Package textcomp Info: Setting pxtt sub-encoding to TS1/0 on input line 375.
Package textcomp Info: Setting txr sub-encoding to TS1/0 on input line 376.
Package textcomp Info: Setting txss sub-encoding to TS1/0 on input line 377.
Package textcomp Info: Setting txtt sub-encoding to TS1/0 on input line 378.
Package textcomp Info: Setting lmr sub-encoding to TS1/0 on input line 379.
Package textcomp Info: Setting lmdh sub-encoding to TS1/0 on input line 380.
Package textcomp Info: Setting lmss sub-encoding to TS1/0 on input line 381.
Package textcomp Info: Setting lmssq sub-encoding to TS1/0 on input line 382.
Package textcomp Info: Setting lmvtt sub-encoding to TS1/0 on input line 383.
Package textcomp Info: Setting lmtt sub-encoding to TS1/0 on input line 384.
Package textcomp Info: Setting qhv sub-encoding to TS1/0 on input line 385.
Package textcomp Info: Setting qag sub-encoding to TS1/0 on input line 386.
Package textcomp Info: Setting qbk sub-encoding to TS1/0 on input line 387.
Package textcomp Info: Setting qcr sub-encoding to TS1/0 on input line 388.
Package textcomp Info: Setting qcs sub-encoding to TS1/0 on input line 389.
Package textcomp Info: Setting qpl sub-encoding to TS1/0 on input line 390.
Package textcomp Info: Setting qtm sub-encoding to TS1/0 on input line 391.
Package textcomp Info: Setting qzc sub-encoding to TS1/0 on input line 392.
Package textcomp Info: Setting qhvc sub-encoding to TS1/0 on input line 393.
Package textcomp Info: Setting futs sub-encoding to TS1/4 on input line 394.
Package textcomp Info: Setting futx sub-encoding to TS1/4 on input line 395.
Package textcomp Info: Setting futj sub-encoding to TS1/4 on input line 396.
Package textcomp Info: Setting hlh sub-encoding to TS1/3 on input line 397.
Package textcomp Info: Setting hls sub-encoding to TS1/3 on input line 398.
Package textcomp Info: Setting hlst sub-encoding to TS1/3 on input line 399.
Package textcomp Info: Setting hlct sub-encoding to TS1/5 on input line 400.
Package textcomp Info: Setting hlx sub-encoding to TS1/5 on input line 401.
Package textcomp Info: Setting hlce sub-encoding to TS1/5 on input line 402.
Package textcomp Info: Setting hlcn sub-encoding to TS1/5 on input line 403.
Package textcomp Info: Setting hlcw sub-encoding to TS1/5 on input line 404.
Package textcomp Info: Setting hlcf sub-encoding to TS1/5 on input line 405.
Package textcomp Info: Setting pplx sub-encoding to TS1/3 on input line 406.
Package textcomp Info: Setting pplj sub-encoding to TS1/3 on input line 407.
Package textcomp Info: Setting ptmx sub-encoding to TS1/4 on input line 408.
Package textcomp Info: Setting ptmj sub-encoding to TS1/4 on input line 409.
))
(c:/texlive/2017/texmf-dist/tex/latex/fancyvrb/fancyvrb.sty
Package: fancyvrb 2008/02/07

Style option: `fancyvrb' v2.7a, with DG/SPQR fixes, and firstline=lastline fix 
<2008/02/07> (tvz)
\FV@CodeLineNo=\count97
\FV@InFile=\read1
\FV@TabBox=\box26
\c@FancyVerbLine=\count98
\FV@StepNumber=\count99
\FV@OutFile=\write3
) (c:/texlive/2017/texmf-dist/tex/latex/subfig/subfig.sty
Package: subfig 2005/06/28 ver: 1.3 subfig package

(c:/texlive/2017/texmf-dist/tex/latex/caption/caption.sty
Package: caption 2016/02/21 v3.3-144 Customizing captions (AR)

(c:/texlive/2017/texmf-dist/tex/latex/caption/caption3.sty
Package: caption3 2016/05/22 v1.7-166 caption3 kernel (AR)
Package caption3 Info: TeX engine: e-TeX on input line 67.
\captionmargin=\dimen107
\captionmargin@=\dimen108
\captionwidth=\dimen109
\caption@tempdima=\dimen110
\caption@indent=\dimen111
\caption@parindent=\dimen112
\caption@hangindent=\dimen113
)
\c@ContinuedFloat=\count100
Package caption Info: hyperref package is loaded.
)
\c@KVtest=\count101
\sf@farskip=\skip44
\sf@captopadj=\dimen114
\sf@capskip=\skip45
\sf@nearskip=\skip46
\c@subfigure=\count102
\c@subfigure@save=\count103
\c@lofdepth=\count104
\c@subtable=\count105
\c@subtable@save=\count106
\c@lotdepth=\count107
\sf@top=\skip47
\sf@bottom=\skip48
)
(c:/texlive/2017/texmf-dist/tex/latex/microtype/microtype.sty
Package: microtype 2016/05/14 v2.6a Micro-typographical refinements (RS)
\MT@toks=\toks15
\MT@count=\count108
LaTeX Info: Redefining \textls on input line 774.
\MT@outer@kern=\dimen115
LaTeX Info: Redefining \textmicrotypecontext on input line 1310.
\MT@listname@count=\count109

(c:/texlive/2017/texmf-dist/tex/latex/microtype/microtype-pdftex.def
File: microtype-pdftex.def 2016/05/14 v2.6a Definitions specific to pdftex (RS)

LaTeX Info: Redefining \lsstyle on input line 916.
LaTeX Info: Redefining \lslig on input line 916.
\MT@outer@space=\skip49
)
Package microtype Info: Loading configuration file microtype.cfg.

(c:/texlive/2017/texmf-dist/tex/latex/microtype/microtype.cfg
File: microtype.cfg 2016/05/14 v2.6a microtype main configuration file (RS)
))
(c:/texlive/2017/texmf-dist/tex/latex/sistyle/sistyle.sty
Package: sistyle 2008/07/16 v2.3a SI units and numbers (DNJ Els)

(c:/texlive/2017/texmf-dist/tex/latex/amsmath/amstext.sty
Package: amstext 2000/06/29 v2.01 AMS text

(c:/texlive/2017/texmf-dist/tex/latex/amsmath/amsgen.sty
File: amsgen.sty 1999/11/30 v2.0 generic functions
\@emptytoks=\toks16
\ex@=\dimen116
))
\ttoks@A=\toks17
\ttoks@B=\toks18
)
(c:/texlive/2017/texmf-dist/tex/latex/refstyle/refstyle.sty
Package: refstyle 2010/11/02 v0.5 Reference formatting (DNJ Els)
Package refstyle Info: Config file refstyle.cfg used on input line 322.

(c:/texlive/2017/texmf-dist/tex/latex/refstyle/refstyle.cfg
File: refstyle.cfg 2010/11/02 0.5 Configuration file for refstyle (DNJ Els)
Package refstyle Info: New reference template \newref{part} on input line 468.
Package refstyle Info: \partkey created on input line 468.
Package refstyle Info: \partlabel created on input line 468.
Package refstyle Info: \partref created on input line 468.
Package refstyle Info: \Partref created on input line 468.
Package refstyle Info: \partrangeref created on input line 468.
Package refstyle Info: \Partrangeref created on input line 468.
Package refstyle Info: \partpageref created on input line 468.
Package refstyle Info: New reference template \newref{chap} on input line 501.
Package refstyle Info: \chapkey created on input line 501.
Package refstyle Info: \chaplabel created on input line 501.
Package refstyle Info: \chapref created on input line 501.
Package refstyle Info: \Chapref created on input line 501.
Package refstyle Info: \chaprangeref created on input line 501.
Package refstyle Info: \Chaprangeref created on input line 501.
Package refstyle Info: \chappageref created on input line 501.
Package refstyle Info: New reference template \newref{sec} on input line 511.
Package refstyle Info: \seckey created on input line 511.
Package refstyle Info: \seclabel created on input line 511.
Package refstyle Info: \secref created on input line 511.
Package refstyle Info: \Secref created on input line 511.
Package refstyle Info: \secrangeref created on input line 511.
Package refstyle Info: \Secrangeref created on input line 511.
Package refstyle Info: \secpageref created on input line 511.
Package refstyle Info: New reference template \newref{eq} on input line 526.
Package refstyle Info: \eqkey created on input line 526.
Package refstyle Info: \eqlabel created on input line 526.
Package refstyle Info: \eqref created on input line 526.
Package refstyle Info: \Eqref created on input line 526.
Package refstyle Info: \eqrangeref created on input line 526.
Package refstyle Info: \Eqrangeref created on input line 526.
Package refstyle Info: \eqpageref created on input line 526.
Package refstyle Info: New reference template \newref{fig} on input line 544.
Package refstyle Info: \figkey created on input line 544.
Package refstyle Info: \figlabel created on input line 544.
Package refstyle Info: \figref created on input line 544.
Package refstyle Info: \Figref created on input line 544.
Package refstyle Info: \figrangeref created on input line 544.
Package refstyle Info: \Figrangeref created on input line 544.
Package refstyle Info: \figpageref created on input line 544.
Package refstyle Info: New reference template \newref{tab} on input line 553.
Package refstyle Info: \tabkey created on input line 553.
Package refstyle Info: \tablabel created on input line 553.
Package refstyle Info: \tabref created on input line 553.
Package refstyle Info: \Tabref created on input line 553.
Package refstyle Info: \tabrangeref created on input line 553.
Package refstyle Info: \Tabrangeref created on input line 553.
Package refstyle Info: \tabpageref created on input line 553.
Package refstyle Info: New reference template \newref{fn} on input line 568.
Package refstyle Info: \fnkey created on input line 568.
Package refstyle Info: \fnlabel created on input line 568.
Package refstyle Info: \fnref created on input line 568.
Package refstyle Info: \Fnref created on input line 568.
Package refstyle Info: \fnrangeref created on input line 568.
Package refstyle Info: \Fnrangeref created on input line 568.
Package refstyle Info: \fnpageref created on input line 568.
))
(c:/texlive/2017/texmf-dist/tex/latex/wasysym/wasysym.sty
Package: wasysym 2003/10/30 v2.0 Wasy-2 symbol support package
\symwasy=\mathgroup5
LaTeX Font Info:    Overwriting symbol font `wasy' in version `bold'
(Font)                  U/wasy/m/n --> U/wasy/b/n on input line 90.
)
(c:/texlive/2017/texmf-dist/tex/latex/pstool/pstool.sty
Package: pstool 2014/05/11 v1.5c Wrapper for processing PostScript/psfrag figur
es

(c:/texlive/2017/texmf-dist/tex/generic/oberdiek/catchfile.sty
Package: catchfile 2016/05/16 v1.7 Catch the contents of a file (HO)
)
(c:/texlive/2017/texmf-dist/tex/latex/graphics/color.sty
Package: color 2016/07/10 v1.1e Standard LaTeX Color (DPC)

(c:/texlive/2017/texmf-dist/tex/latex/graphics-cfg/color.cfg
File: color.cfg 2016/01/02 v1.6 sample color configuration
)
Package color Info: Driver file: pdftex.def on input line 147.

(c:/texlive/2017/texmf-dist/tex/latex/graphics-def/pdftex.def
File: pdftex.def 2017/01/12 v0.06k Graphics/color for pdfTeX
\Gread@gobject=\count110
))
(c:/texlive/2017/texmf-dist/tex/latex/ifplatform/ifplatform.sty
Package: ifplatform 2010/10/22 v0.4 Testing for the operating system
)
(c:/texlive/2017/texmf-dist/tex/latex/filemod/filemod.sty
Package: filemod 2011/09/19 v1.2 Get and compare file modification times

(c:/texlive/2017/texmf-dist/tex/latex/filemod/filemod-expmin.sty
Package: filemod-expmin 2011/09/19 v1.2 Get and compare file modification times
 (expandable; minimal)
))
(c:/texlive/2017/texmf-dist/tex/latex/graphics/graphicx.sty
Package: graphicx 2014/10/28 v1.0g Enhanced LaTeX Graphics (DPC,SPQR)

(c:/texlive/2017/texmf-dist/tex/latex/graphics/graphics.sty
Package: graphics 2017/04/14 v1.1b Standard LaTeX Graphics (DPC,SPQR)

(c:/texlive/2017/texmf-dist/tex/latex/graphics/trig.sty
Package: trig 2016/01/03 v1.10 sin cos tan (DPC)
)
(c:/texlive/2017/texmf-dist/tex/latex/graphics-cfg/graphics.cfg
File: graphics.cfg 2016/06/04 v1.11 sample graphics configuration
)
Package graphics Info: Driver file: pdftex.def on input line 99.
)
\Gin@req@height=\dimen117
\Gin@req@width=\dimen118
)
(c:/texlive/2017/texmf-dist/tex/latex/psfrag/psfrag.sty
Package: psfrag 1998/04/11 v3.04 PSfrag (MCG)
\pfg@pcount=\count111
\pfg@scount=\count112
\pfg@temp=\write4
)
(c:/texlive/2017/texmf-dist/tex/latex/bigfoot/suffix.sty
Package: suffix 2006/07/15 1.5a Variant command support
)
(c:/texlive/2017/texmf-dist/tex/latex/trimspaces/trimspaces.sty
Package: trimspaces 2009/09/17 v1.1 Trim spaces around a token list
)
(c:/texlive/2017/texmf-dist/tex/latex/xkeyval/xkeyval.sty
Package: xkeyval 2014/12/03 v2.7a package option processing (HA)

(c:/texlive/2017/texmf-dist/tex/generic/xkeyval/xkeyval.tex
(c:/texlive/2017/texmf-dist/tex/generic/xkeyval/xkvutils.tex
\XKV@toks=\toks19
\XKV@tempa@toks=\toks20
)
\XKV@depth=\count113
File: xkeyval.tex 2014/12/03 v2.7a key=value parser (HA)
))
(c:/texlive/2017/texmf-dist/tex/latex/l3kernel/expl3.sty
Package: expl3 2017/05/13 L3 programming layer (loader) 

(c:/texlive/2017/texmf-dist/tex/latex/l3kernel/expl3-code.tex
Package: expl3 2017/05/13 L3 programming layer (code)
\c_max_int=\count114
\l_tmpa_int=\count115
\l_tmpb_int=\count116
\g_tmpa_int=\count117
\g_tmpb_int=\count118
\g__prg_map_int=\count119
\c_log_iow=\count120
\l_iow_line_count_int=\count121
\l__iow_line_target_int=\count122
\l__iow_one_indent_int=\count123
\l__iow_indent_int=\count124
\c_zero_dim=\dimen119
\c_max_dim=\dimen120
\l_tmpa_dim=\dimen121
\l_tmpb_dim=\dimen122
\g_tmpa_dim=\dimen123
\g_tmpb_dim=\dimen124
\c_zero_skip=\skip50
\c_max_skip=\skip51
\l_tmpa_skip=\skip52
\l_tmpb_skip=\skip53
\g_tmpa_skip=\skip54
\g_tmpb_skip=\skip55
\c_zero_muskip=\muskip11
\c_max_muskip=\muskip12
\l_tmpa_muskip=\muskip13
\l_tmpb_muskip=\muskip14
\g_tmpa_muskip=\muskip15
\g_tmpb_muskip=\muskip16
\l_keys_choice_int=\count125
\c__fp_leading_shift_int=\count126
\c__fp_middle_shift_int=\count127
\c__fp_trailing_shift_int=\count128
\c__fp_big_leading_shift_int=\count129
\c__fp_big_middle_shift_int=\count130
\c__fp_big_trailing_shift_int=\count131
\c__fp_Bigg_leading_shift_int=\count132
\c__fp_Bigg_middle_shift_int=\count133
\c__fp_Bigg_trailing_shift_int=\count134
\c__fp_rand_size_int=\count135
\c__fp_rand_four_int=\count136
\c__fp_rand_eight_int=\count137
\l__sort_length_int=\count138
\l__sort_min_int=\count139
\l__sort_top_int=\count140
\l__sort_max_int=\count141
\l__sort_true_max_int=\count142
\l__sort_block_int=\count143
\l__sort_begin_int=\count144
\l__sort_end_int=\count145
\l__sort_A_int=\count146
\l__sort_B_int=\count147
\l__sort_C_int=\count148
\c_empty_box=\box27
\l_tmpa_box=\box28
\l_tmpb_box=\box29
\g_tmpa_box=\box30
\g_tmpb_box=\box31
\l__box_top_dim=\dimen125
\l__box_bottom_dim=\dimen126
\l__box_left_dim=\dimen127
\l__box_right_dim=\dimen128
\l__box_top_new_dim=\dimen129
\l__box_bottom_new_dim=\dimen130
\l__box_left_new_dim=\dimen131
\l__box_right_new_dim=\dimen132
\l__box_internal_box=\box32
\l__coffin_internal_box=\box33
\l__coffin_internal_dim=\dimen133
\l__coffin_offset_x_dim=\dimen134
\l__coffin_offset_y_dim=\dimen135
\l__coffin_x_dim=\dimen136
\l__coffin_y_dim=\dimen137
\l__coffin_x_prime_dim=\dimen138
\l__coffin_y_prime_dim=\dimen139
\c_empty_coffin=\box34
\l__coffin_aligned_coffin=\box35
\l__coffin_aligned_internal_coffin=\box36
\l_tmpa_coffin=\box37
\l_tmpb_coffin=\box38
\l__coffin_display_coffin=\box39
\l__coffin_display_coord_coffin=\box40
\l__coffin_display_pole_coffin=\box41
\l__coffin_display_offset_dim=\dimen140
\l__coffin_display_x_dim=\dimen141
\l__coffin_display_y_dim=\dimen142
\l__coffin_bounding_shift_dim=\dimen143
\l__coffin_left_corner_dim=\dimen144
\l__coffin_right_corner_dim=\dimen145
\l__coffin_bottom_corner_dim=\dimen146
\l__coffin_top_corner_dim=\dimen147
\l__coffin_scaled_total_height_dim=\dimen148
\l__coffin_scaled_width_dim=\dimen149
)
(c:/texlive/2017/texmf-dist/tex/latex/l3kernel/l3pdfmode.def
File: l3pdfmode.def 2017/03/18 v L3 Experimental driver: PDF mode
\l__driver_color_stack_int=\count149
\l__driver_tmp_box=\box42
))
\pstool@out=\write5
\pstool@mainfile@ior=\read2
\pstool@auxfile@ior=\read3
)
Package refstyle Info: Reference template \newref{sec} redefined on input line 
27.
Package refstyle Info: \seckey created on input line 27.
Package refstyle Info: \seclabel created on input line 27.
Package refstyle Info: \secref created on input line 27.
Package refstyle Info: \Secref created on input line 27.
Package refstyle Info: \secrangeref created on input line 27.
Package refstyle Info: \Secrangeref created on input line 27.
Package refstyle Info: \secpageref created on input line 27.

No file userguide.aux.
\openout1 = `userguide.aux'.

LaTeX Font Info:    Checking defaults for OML/cmm/m/it on input line 32.
LaTeX Font Info:    ... okay on input line 32.
LaTeX Font Info:    Checking defaults for T1/cmr/m/n on input line 32.
LaTeX Font Info:    ... okay on input line 32.
LaTeX Font Info:    Checking defaults for OT1/cmr/m/n on input line 32.
LaTeX Font Info:    ... okay on input line 32.
LaTeX Font Info:    Checking defaults for OMS/cmsy/m/n on input line 32.
LaTeX Font Info:    ... okay on input line 32.
LaTeX Font Info:    Checking defaults for OMX/cmex/m/n on input line 32.
LaTeX Font Info:    ... okay on input line 32.
LaTeX Font Info:    Checking defaults for U/cmr/m/n on input line 32.
LaTeX Font Info:    ... okay on input line 32.
LaTeX Font Info:    Checking defaults for PD1/pdf/m/n on input line 32.
LaTeX Font Info:    ... okay on input line 32.
LaTeX Font Info:    Checking defaults for TS1/cmr/m/n on input line 32.
LaTeX Font Info:    Try loading font information for TS1+cmr on input line 32.
(c:/texlive/2017/texmf-dist/tex/latex/base/ts1cmr.fd
File: ts1cmr.fd 2014/09/29 v2.5h Standard LaTeX font definitions
)
LaTeX Font Info:    ... okay on input line 32.
LaTeX Font Info:    Try loading font information for T1+pplx on input line 32.

(c:/texlive/2017/texmf-dist/tex/latex/psnfss/t1pplx.fd
File: t1pplx.fd 2004/09/06 font definitions for T1/pplx.
)
\big@size=\dimen150
\AtBeginShipoutBox=\box43
Package hyperref Info: Link coloring ON on input line 32.

(c:/texlive/2017/texmf-dist/tex/latex/hyperref/nameref.sty
Package: nameref 2016/05/21 v2.44 Cross-referencing by name of section

(c:/texlive/2017/texmf-dist/tex/generic/oberdiek/gettitlestring.sty
Package: gettitlestring 2016/05/16 v1.5 Cleanup title references (HO)
)
\c@section@level=\count150
)
LaTeX Info: Redefining \ref on input line 32.
LaTeX Info: Redefining \pageref on input line 32.
LaTeX Info: Redefining \nameref on input line 32.
\@outlinefile=\write6
\openout6 = `userguide.out'.

Package caption Info: Begin \AtBeginDocument code.
Package caption Info: subfig package v1.3 is loaded.
Package caption Info: End \AtBeginDocument code.
LaTeX Info: Redefining \microtypecontext on input line 32.
Package microtype Info: Generating PDF output.
Package microtype Info: Character protrusion enabled (level 2).
Package microtype Info: Using default protrusion set `alltext'.
Package microtype Info: Automatic font expansion enabled (level 2),
(microtype)             stretch: 20, shrink: 20, step: 1, non-selected.
Package microtype Info: Using default expansion set `basictext'.
Package microtype Info: No adjustment of tracking.
Package microtype Info: No adjustment of interword spacing.
Package microtype Info: No adjustment of character kerning.

(c:/texlive/2017/texmf-dist/tex/latex/microtype/mt-ppl.cfg
File: mt-ppl.cfg 2005/11/16 v1.6 microtype config. file: Palatino (RS)
)
LaTeX Font Info:    Try loading font information for OT1+pplx on input line 32.


(c:/texlive/2017/texmf-dist/tex/latex/psnfss/ot1pplx.fd
File: ot1pplx.fd 2004/09/06 font definitions for OT1/pplx.
)
LaTeX Font Info:    Try loading font information for OML+zplm on input line 32.


(c:/texlive/2017/texmf-dist/tex/latex/psnfss/omlzplm.fd
File: omlzplm.fd 2002/09/08 Fontinst v1.914 font definitions for OML/zplm.
)
LaTeX Font Info:    Try loading font information for OMS+zplm on input line 32.


(c:/texlive/2017/texmf-dist/tex/latex/psnfss/omszplm.fd
File: omszplm.fd 2002/09/08 Fontinst v1.914 font definitions for OMS/zplm.
)
LaTeX Font Info:    Try loading font information for OMX+zplm on input line 32.


(c:/texlive/2017/texmf-dist/tex/latex/psnfss/omxzplm.fd
File: omxzplm.fd 2002/09/08 Fontinst v1.914 font definitions for OMX/zplm.
)
LaTeX Font Info:    Try loading font information for OT1+zplm on input line 32.


(c:/texlive/2017/texmf-dist/tex/latex/psnfss/ot1zplm.fd
File: ot1zplm.fd 2002/09/08 Fontinst v1.914 font definitions for OT1/zplm.
)
Package microtype Info: Loading generic settings for font family
(microtype)             `zplm' (encoding: OT1).
(microtype)             For optimal results, create family-specific settings.
(microtype)             See the microtype manual for details.
LaTeX Font Info:    Try loading font information for U+wasy on input line 32.

(c:/texlive/2017/texmf-dist/tex/latex/wasysym/uwasy.fd
File: uwasy.fd 2003/10/30 v2.0 Wasy-2 symbol font definitions
)
LaTeX Font Info:    Try loading font information for OT1+lmss on input line 32.


(c:/texlive/2017/texmf-dist/tex/latex/lm/ot1lmss.fd
File: ot1lmss.fd 2009/10/30 v1.6 Font defs for Latin Modern
)
Package microtype Info: Loading generic settings for font family
(microtype)             `lmss' (encoding: OT1).
(microtype)             For optimal results, create family-specific settings.
(microtype)             See the microtype manual for details.
LaTeX Font Info:    Try loading font information for OT1+lmtt on input line 32.


(c:/texlive/2017/texmf-dist/tex/latex/lm/ot1lmtt.fd
File: ot1lmtt.fd 2009/10/30 v1.6 Font defs for Latin Modern
)
Package microtype Info: Loading generic settings for font family
(microtype)             `lmtt' (encoding: OT1).
(microtype)             For optimal results, create family-specific settings.
(microtype)             See the microtype manual for details.

(c:/texlive/2017/texmf-dist/tex/context/base/mkii/supp-pdf.mkii
[Loading MPS to PDF converter (version 2006.09.02).]
\scratchcounter=\count151
\scratchdimen=\dimen151
\scratchbox=\box44
\nofMPsegments=\count152
\nofMParguments=\count153
\everyMPshowfont=\toks21
\MPscratchCnt=\count154
\MPscratchDim=\dimen152
\MPnumerator=\count155
\makeMPintoPDFobject=\count156
\everyMPtoPDFconversion=\toks22
) (c:/texlive/2017/texmf-dist/tex/latex/oberdiek/epstopdf-base.sty
Package: epstopdf-base 2016/05/15 v2.6 Base part for package epstopdf

(c:/texlive/2017/texmf-dist/tex/latex/oberdiek/grfext.sty
Package: grfext 2016/05/16 v1.2 Manage graphics extensions (HO)
)
Package epstopdf-base Info: Redefining graphics rule for `.eps' on input line 4
38.
Package grfext Info: Graphics extension search list:
(grfext)             [.png,.pdf,.jpg,.mps,.jpeg,.jbig2,.jb2,.PNG,.PDF,.JPG,.JPE
G,.JBIG2,.JB2,.eps]
(grfext)             \AppendGraphicsExtensions on input line 456.

(c:/texlive/2017/texmf-dist/tex/latex/latexconfig/epstopdf-sys.cfg
File: epstopdf-sys.cfg 2010/07/13 v1.3 Configuration of (r)epstopdf for TeX Liv
e
))
LaTeX Font Info:    Try loading font information for T1+lmtt on input line 34.

(c:/texlive/2017/texmf-dist/tex/latex/lm/t1lmtt.fd
File: t1lmtt.fd 2009/10/30 v1.6 Font defs for Latin Modern
)
Package microtype Info: Loading generic settings for font family
(microtype)             `lmtt' (encoding: T1).
(microtype)             For optimal results, create family-specific settings.
(microtype)             See the microtype manual for details.
LaTeX Font Info:    Font shape `T1/pplx/bx/n' in size <14.4> not available
(Font)              Font shape `T1/pplx/b/n' tried instead on input line 34.
\tf@toc=\write7
\openout7 = `userguide.toc'.

Package microtype Info: Character `029' is missing
(microtype)             in font `T1/pplx/m/sc/10.95'.
(microtype)             Ignoring protrusion settings for this character.
 [1
Non-PDF special ignored!

{c:/texlive/2017/texmf-var/fonts/map/pdftex/updmap/pdftex.map}]
LaTeX Font Info:    Font shape `T1/pplx/bx/n' in size <10.95> not available
(Font)              Font shape `T1/pplx/b/n' tried instead on input line 63.


LaTeX Warning: Reference `fig:comparison01' on page 2 undefined on input line 6
3.


! Package pstool Error: No graphic "graphics/comparison01-matlabfrag.eps" or "g
raphics/comparison01-matlabfrag-psfrag.eps" found.

See the pstool package documentation for explanation.
Type  H <return>  for immediate help.
 ...                                              
                                                  
l.72 ...ragfig{graphics/comparison01-matlabfrag}}}
                                                  
Check the path and whether the file exists.

! Undefined control sequence.
<write> ...at may contain macros for "\pstool@eps 
                                                  .eps"\on@line .
l.72 ...ragfig{graphics/comparison01-matlabfrag}}}
                                                  
The control sequence at the end of the top line
of your error message was never \def'ed. If you have
misspelled it (e.g., `\hobx'), type `I' and the correct
spelling (e.g., `I\hbox'). Otherwise just continue,
and I'll forget about whatever was undefined.


Package pstool Warning: No file "graphics/comparison01-matlabfrag.tex" or "grap
hics/comparison01-matlabfrag-psfrag.tex" can be found that may contain macros f
or ".eps" on input line 72.


Overfull \hbox (2.28714pt too wide) in paragraph at lines 72--72
[]\T1/pplx/m/n/9 (-20) (a)
 []


Overfull \hbox (88.23195pt too wide) in paragraph at lines 72--72
|\T1/pplx/m/n/9 (-20) graphics/comparison01-
 []


Overfull \hbox (35.86232pt too wide) in paragraph at lines 72--72
\T1/pplx/m/n/9 (-20) matlabfrag| 
 []


! Package pstool Error: No graphic "graphics/comparison01-laprint.eps" or "grap
hics/comparison01-laprint-psfrag.eps" found.

See the pstool package documentation for explanation.
Type  H <return>  for immediate help.
 ...                                              
                                                  
l.74 ...psfragfig{graphics/comparison01-laprint}}}
                                                  
Check the path and whether the file exists.

! Undefined control sequence.
<write> ...at may contain macros for "\pstool@eps 
                                                  .eps"\on@line .
l.74 ...psfragfig{graphics/comparison01-laprint}}}
                                                  
The control sequence at the end of the top line
of your error message was never \def'ed. If you have
misspelled it (e.g., `\hobx'), type `I' and the correct
spelling (e.g., `I\hbox'). Otherwise just continue,
and I'll forget about whatever was undefined.


Package pstool Warning: No file "graphics/comparison01-laprint.tex" or "graphic
s/comparison01-laprint-psfrag.tex" can be found that may contain macros for ".e
ps" on input line 74.


Overfull \hbox (2.7546pt too wide) in paragraph at lines 74--74
[]\T1/pplx/m/n/9 (-20) (b)
 []


Overfull \hbox (88.23195pt too wide) in paragraph at lines 74--74
|\T1/pplx/m/n/9 (-20) graphics/comparison01-
 []


Overfull \hbox (19.53648pt too wide) in paragraph at lines 74--74
\T1/pplx/m/n/9 (-20) laprint| 
 []


LaTeX Warning: Reference `fig:comparison02' on page 2 undefined on input line 8
5.


LaTeX Warning: Reference `sec:adv-axis' on page 2 undefined on input line 88.


! Package pstool Error: No graphic "graphics/comparison02-matlabfrag.eps" or "g
raphics/comparison02-matlabfrag-psfrag.eps" found.

See the pstool package documentation for explanation.
Type  H <return>  for immediate help.
 ...                                              
                                                  
l.91 ...ragfig{graphics/comparison02-matlabfrag}}}
                                                  
Check the path and whether the file exists.

! Undefined control sequence.
<write> ...at may contain macros for "\pstool@eps 
                                                  .eps"\on@line .
l.91 ...ragfig{graphics/comparison02-matlabfrag}}}
                                                  
The control sequence at the end of the top line
of your error message was never \def'ed. If you have
misspelled it (e.g., `\hobx'), type `I' and the correct
spelling (e.g., `I\hbox'). Otherwise just continue,
and I'll forget about whatever was undefined.


Package pstool Warning: No file "graphics/comparison02-matlabfrag.tex" or "grap
hics/comparison02-matlabfrag-psfrag.tex" can be found that may contain macros f
or ".eps" on input line 91.


Overfull \hbox (2.28714pt too wide) in paragraph at lines 91--91
[]\T1/pplx/m/n/9 (-20) (a)
 []


Overfull \hbox (88.23195pt too wide) in paragraph at lines 91--91
|\T1/pplx/m/n/9 (-20) graphics/comparison02-
 []


Overfull \hbox (35.86232pt too wide) in paragraph at lines 91--91
\T1/pplx/m/n/9 (-20) matlabfrag| 
 []


! Package pstool Error: No graphic "graphics/comparison02-laprint.eps" or "grap
hics/comparison02-laprint-psfrag.eps" found.

See the pstool package documentation for explanation.
Type  H <return>  for immediate help.
 ...                                              
                                                  
l.93 ...psfragfig{graphics/comparison02-laprint}}}
                                                  
Check the path and whether the file exists.

! Undefined control sequence.
<write> ...at may contain macros for "\pstool@eps 
                                                  .eps"\on@line .
l.93 ...psfragfig{graphics/comparison02-laprint}}}
                                                  
The control sequence at the end of the top line
of your error message was never \def'ed. If you have
misspelled it (e.g., `\hobx'), type `I' and the correct
spelling (e.g., `I\hbox'). Otherwise just continue,
and I'll forget about whatever was undefined.


Package pstool Warning: No file "graphics/comparison02-laprint.tex" or "graphic
s/comparison02-laprint-psfrag.tex" can be found that may contain macros for ".e
ps" on input line 93.


Overfull \hbox (2.7546pt too wide) in paragraph at lines 93--93
[]\T1/pplx/m/n/9 (-20) (b)
 []


Overfull \hbox (88.23195pt too wide) in paragraph at lines 93--93
|\T1/pplx/m/n/9 (-20) graphics/comparison02-
 []


Overfull \hbox (19.53648pt too wide) in paragraph at lines 93--93
\T1/pplx/m/n/9 (-20) laprint| 
 []

LaTeX Font Info:    Font shape `T1/pplx/bx/n' in size <12> not available
(Font)              Font shape `T1/pplx/b/n' tried instead on input line 99.
Package microtype Info: Character `029' is missing
(microtype)             in font `T1/pplx/m/sc/12'.
(microtype)             Ignoring protrusion settings for this character.
[2]
LaTeX Font Info:    Try loading font information for TS1+lmtt on input line 108
.
 (c:/texlive/2017/texmf-dist/tex/latex/lm/ts1lmtt.fd
File: ts1lmtt.fd 2009/10/30 v1.6 Font defs for Latin Modern
)
Package microtype Info: Loading generic settings for font family
(microtype)             `lmtt' (encoding: TS1).
(microtype)             For optimal results, create family-specific settings.
(microtype)             See the microtype manual for details.
Package microtype Info: Character `texttrademark ' is missing
(microtype)             in font `TS1/lmtt/m/n/10.95'.
(microtype)             Ignoring protrusion settings for this character.


LaTeX Warning: Reference `sec:renderers' on page 3 undefined on input line 112.



LaTeX Warning: Reference `sec:renderers' on page 3 undefined on input line 116.



LaTeX Warning: Reference `sec:compile-epscompress' on page 3 undefined on input
 line 118.


LaTeX Warning: Reference `fig:ex01' on page 3 undefined on input line 122.


! Package pstool Error: No graphic "graphics/ex01-1.eps" or "graphics/ex01-1-ps
frag.eps" found.

See the pstool package documentation for explanation.
Type  H <return>  for immediate help.
 ...                                              
                                                  
l.125 ...sfragfig[crop=preview]{graphics/ex01-1}}}
                                                  \quad
Check the path and whether the file exists.

! Undefined control sequence.
<write> ...at may contain macros for "\pstool@eps 
                                                  .eps"\on@line .
l.125 ...sfragfig[crop=preview]{graphics/ex01-1}}}
                                                  \quad
The control sequence at the end of the top line
of your error message was never \def'ed. If you have
misspelled it (e.g., `\hobx'), type `I' and the correct
spelling (e.g., `I\hbox'). Otherwise just continue,
and I'll forget about whatever was undefined.


Package pstool Warning: No file "graphics/ex01-1.tex" or "graphics/ex01-1-psfra
g.tex" can be found that may contain macros for ".eps" on input line 125.


Overfull \hbox (2.28714pt too wide) in paragraph at lines 125--125
[]\T1/pplx/m/n/9 (-20) (a)
 []


Overfull \hbox (51.03809pt too wide) in paragraph at lines 125--125
|\T1/pplx/m/n/9 (-20) graphics/ex01-
 []


! Package pstool Error: No graphic "graphics/ex01-2.eps" or "graphics/ex01-2-ps
frag.eps" found.

See the pstool package documentation for explanation.
Type  H <return>  for immediate help.
 ...                                              
                                                  
l.126 ...sfragfig[crop=preview]{graphics/ex01-2}}}
                                                  
Check the path and whether the file exists.

! Undefined control sequence.
<write> ...at may contain macros for "\pstool@eps 
                                                  .eps"\on@line .
l.126 ...sfragfig[crop=preview]{graphics/ex01-2}}}
                                                  
The control sequence at the end of the top line
of your error message was never \def'ed. If you have
misspelled it (e.g., `\hobx'), type `I' and the correct
spelling (e.g., `I\hbox'). Otherwise just continue,
and I'll forget about whatever was undefined.


Package pstool Warning: No file "graphics/ex01-2.tex" or "graphics/ex01-2-psfra
g.tex" can be found that may contain macros for ".eps" on input line 126.


Overfull \hbox (2.7546pt too wide) in paragraph at lines 126--126
[]\T1/pplx/m/n/9 (-20) (b)
 []


Overfull \hbox (51.03809pt too wide) in paragraph at lines 126--126
|\T1/pplx/m/n/9 (-20) graphics/ex01-
 []

[3]

LaTeX Warning: Reference `fig:ex02' on page 4 undefined on input line 137.


! Package pstool Error: No graphic "graphics/ex02.eps" or "graphics/ex02-psfrag
.eps" found.

See the pstool package documentation for explanation.
Type  H <return>  for immediate help.
 ...                                              
                                                  
l.141         \caption
                      {UserData example; X-label should say `Plays nice with...

Check the path and whether the file exists.

! Undefined control sequence.
<write> ...at may contain macros for "\pstool@eps 
                                                  .eps"\on@line .
l.141         \caption
                      {UserData example; X-label should say `Plays nice with...
The control sequence at the end of the top line
of your error message was never \def'ed. If you have
misspelled it (e.g., `\hobx'), type `I' and the correct
spelling (e.g., `I\hbox'). Otherwise just continue,
and I'll forget about whatever was undefined.


Package pstool Warning: No file "graphics/ex02.tex" or "graphics/ex02-psfrag.te
x" can be found that may contain macros for ".eps" on input line 141.

[4] [5]
Overfull \hbox (12.0276pt too wide) in paragraph at lines 215--218
\T1/pplx/m/n/10.95 (-20) placed as you would place a nor-mal fig-ure, for ex-am
-ple in-side a \T1/lmtt/m/n/10.95 float:Figure\T1/pplx/m/n/10.95 (-20) . 
 []


LaTeX Warning: Reference `sec:in-latex' on page 6 undefined on input line 219.

Package microtype Info: Character `029' is missing
(microtype)             in font `T1/pplx/m/sc/14.4'.
(microtype)             Ignoring protrusion settings for this character.
[6]

LaTeX Warning: Reference `fig:ex03' on page 7 undefined on input line 230.


! Package pstool Error: No graphic "graphics/ex03.eps" or "graphics/ex03-psfrag
.eps" found.

See the pstool package documentation for explanation.
Type  H <return>  for immediate help.
 ...                                              
                                                  
l.234         \caption
                      {Resizing example; the figure is sized to \SI{8}{cm} b...

Check the path and whether the file exists.

! Undefined control sequence.
<write> ...at may contain macros for "\pstool@eps 
                                                  .eps"\on@line .
l.234         \caption
                      {Resizing example; the figure is sized to \SI{8}{cm} b...
The control sequence at the end of the top line
of your error message was never \def'ed. If you have
misspelled it (e.g., `\hobx'), type `I' and the correct
spelling (e.g., `I\hbox'). Otherwise just continue,
and I'll forget about whatever was undefined.


Package pstool Warning: No file "graphics/ex03.tex" or "graphics/ex03-psfrag.te
x" can be found that may contain macros for ".eps" on input line 234.

LaTeX Font Info:    Font shape `T1/lmtt/bx/n' in size <12> not available
(Font)              Font shape `T1/lmtt/b/n' tried instead on input line 238.

LaTeX Warning: Reference `fig:ex04' on page 7 undefined on input line 243.


! Package pstool Error: No graphic "graphics/ex04.eps" or "graphics/ex04-psfrag
.eps" found.

See the pstool package documentation for explanation.
Type  H <return>  for immediate help.
 ...                                              
                                                  
l.247         \caption
                      {{\ttfamily Color} example; the text should be coloured.}

Check the path and whether the file exists.

! Undefined control sequence.
<write> ...at may contain macros for "\pstool@eps 
                                                  .eps"\on@line .
l.247         \caption
                      {{\ttfamily Color} example; the text should be coloured.}
The control sequence at the end of the top line
of your error message was never \def'ed. If you have
misspelled it (e.g., `\hobx'), type `I' and the correct
spelling (e.g., `I\hbox'). Otherwise just continue,
and I'll forget about whatever was undefined.


Package pstool Warning: No file "graphics/ex04.tex" or "graphics/ex04-psfrag.te
x" can be found that may contain macros for ".eps" on input line 247.

[7]

LaTeX Warning: Reference `fig:ex05' on page 8 undefined on input line 255.


! Package pstool Error: No graphic "graphics/ex05.eps" or "graphics/ex05-psfrag
.eps" found.

See the pstool package documentation for explanation.
Type  H <return>  for immediate help.
 ...                                              
                                                  
l.259         \caption
                      {{\ttfamily FontSize} example; the text should be diff...

Check the path and whether the file exists.

! Undefined control sequence.
<write> ...at may contain macros for "\pstool@eps 
                                                  .eps"\on@line .
l.259         \caption
                      {{\ttfamily FontSize} example; the text should be diff...
The control sequence at the end of the top line
of your error message was never \def'ed. If you have
misspelled it (e.g., `\hobx'), type `I' and the correct
spelling (e.g., `I\hbox'). Otherwise just continue,
and I'll forget about whatever was undefined.


Package pstool Warning: No file "graphics/ex05.tex" or "graphics/ex05-psfrag.te
x" can be found that may contain macros for ".eps" on input line 259.


LaTeX Warning: Reference `fig:ex06' on page 8 undefined on input line 269.


! Package pstool Error: No graphic "graphics/ex06.eps" or "graphics/ex06-psfrag
.eps" found.

See the pstool package documentation for explanation.
Type  H <return>  for immediate help.
 ...                                              
                                                  
l.273         \caption
                      {{\ttfamily FontAngle} example; Oblique and Italic fon...

Check the path and whether the file exists.

! Undefined control sequence.
<write> ...at may contain macros for "\pstool@eps 
                                                  .eps"\on@line .
l.273         \caption
                      {{\ttfamily FontAngle} example; Oblique and Italic fon...
The control sequence at the end of the top line
of your error message was never \def'ed. If you have
misspelled it (e.g., `\hobx'), type `I' and the correct
spelling (e.g., `I\hbox'). Otherwise just continue,
and I'll forget about whatever was undefined.


Package pstool Warning: No file "graphics/ex06.tex" or "graphics/ex06-psfrag.te
x" can be found that may contain macros for ".eps" on input line 273.


LaTeX Warning: Reference `fig:ex07' on page 8 undefined on input line 282.


! Package pstool Error: No graphic "graphics/ex07.eps" or "graphics/ex07-psfrag
.eps" found.

See the pstool package documentation for explanation.
Type  H <return>  for immediate help.
 ...                                              
                                                  
l.286         \caption
                      {{\ttfamily FontWeight} example; bold should be bold, ...

Check the path and whether the file exists.

! Undefined control sequence.
<write> ...at may contain macros for "\pstool@eps 
                                                  .eps"\on@line .
l.286         \caption
                      {{\ttfamily FontWeight} example; bold should be bold, ...
The control sequence at the end of the top line
of your error message was never \def'ed. If you have
misspelled it (e.g., `\hobx'), type `I' and the correct
spelling (e.g., `I\hbox'). Otherwise just continue,
and I'll forget about whatever was undefined.


Package pstool Warning: No file "graphics/ex07.tex" or "graphics/ex07-psfrag.te
x" can be found that may contain macros for ".eps" on input line 286.

[8]

LaTeX Warning: Reference `fig:ex08' on page 9 undefined on input line 298.


! Package pstool Error: No graphic "graphics/ex08.eps" or "graphics/ex08-psfrag
.eps" found.

See the pstool package documentation for explanation.
Type  H <return>  for immediate help.
 ...                                              
                                                  
l.302         \caption
                      {{\ttfamily FontName} example; fixed-width should be i...

Check the path and whether the file exists.

! Undefined control sequence.
<write> ...at may contain macros for "\pstool@eps 
                                                  .eps"\on@line .
l.302         \caption
                      {{\ttfamily FontName} example; fixed-width should be i...
The control sequence at the end of the top line
of your error message was never \def'ed. If you have
misspelled it (e.g., `\hobx'), type `I' and the correct
spelling (e.g., `I\hbox'). Otherwise just continue,
and I'll forget about whatever was undefined.


Package pstool Warning: No file "graphics/ex08.tex" or "graphics/ex08-psfrag.te
x" can be found that may contain macros for ".eps" on input line 302.


LaTeX Warning: Reference `fig:ex09' on page 9 undefined on input line 315.


! Package pstool Error: No graphic "graphics/ex09.eps" or "graphics/ex09-psfrag
.eps" found.

See the pstool package documentation for explanation.
Type  H <return>  for immediate help.
 ...                                              
                                                  
l.319 		  \caption
                  {{\ttfamily Interpreter} example; both equations should be...

Check the path and whether the file exists.

! Undefined control sequence.
<write> ...at may contain macros for "\pstool@eps 
                                                  .eps"\on@line .
l.319 		  \caption
                  {{\ttfamily Interpreter} example; both equations should be...
The control sequence at the end of the top line
of your error message was never \def'ed. If you have
misspelled it (e.g., `\hobx'), type `I' and the correct
spelling (e.g., `I\hbox'). Otherwise just continue,
and I'll forget about whatever was undefined.


Package pstool Warning: No file "graphics/ex09.tex" or "graphics/ex09-psfrag.te
x" can be found that may contain macros for ".eps" on input line 319.

[9]

LaTeX Warning: Reference `fig:ex10' on page 10 undefined on input line 333.


! Package pstool Error: No graphic "graphics/ex10.eps" or "graphics/ex10-psfrag
.eps" found.

See the pstool package documentation for explanation.
Type  H <return>  for immediate help.
 ...                                              
                                                  
l.337         \caption
                      {Multi-line example; three different ways to make mult...

Check the path and whether the file exists.

! Undefined control sequence.
<write> ...at may contain macros for "\pstool@eps 
                                                  .eps"\on@line .
l.337         \caption
                      {Multi-line example; three different ways to make mult...
The control sequence at the end of the top line
of your error message was never \def'ed. If you have
misspelled it (e.g., `\hobx'), type `I' and the correct
spelling (e.g., `I\hbox'). Otherwise just continue,
and I'll forget about whatever was undefined.


Package pstool Warning: No file "graphics/ex10.tex" or "graphics/ex10-psfrag.te
x" can be found that may contain macros for ".eps" on input line 337.


LaTeX Warning: Reference `fig:ex11' on page 10 undefined on input line 348.


! Package pstool Error: No graphic "graphics/ex11.eps" or "graphics/ex11-psfrag
.eps" found.

See the pstool package documentation for explanation.
Type  H <return>  for immediate help.
 ...                                              
                                                  
l.352         \caption
                      {Custom tick label example.}
Check the path and whether the file exists.

! Undefined control sequence.
<write> ...at may contain macros for "\pstool@eps 
                                                  .eps"\on@line .
l.352         \caption
                      {Custom tick label example.}
The control sequence at the end of the top line
of your error message was never \def'ed. If you have
misspelled it (e.g., `\hobx'), type `I' and the correct
spelling (e.g., `I\hbox'). Otherwise just continue,
and I'll forget about whatever was undefined.


Package pstool Warning: No file "graphics/ex11.tex" or "graphics/ex11-psfrag.te
x" can be found that may contain macros for ".eps" on input line 352.

[10]

LaTeX Warning: Reference `fig:ex12' on page 11 undefined on input line 376.


! Package pstool Error: No graphic "graphics/ex12.eps" or "graphics/ex12-psfrag
.eps" found.

See the pstool package documentation for explanation.
Type  H <return>  for immediate help.
 ...                                              
                                                  
l.380         \caption
                      {Using the {\ttfamily userdata} feature with legends.}
Check the path and whether the file exists.

! Undefined control sequence.
<write> ...at may contain macros for "\pstool@eps 
                                                  .eps"\on@line .
l.380         \caption
                      {Using the {\ttfamily userdata} feature with legends.}
The control sequence at the end of the top line
of your error message was never \def'ed. If you have
misspelled it (e.g., `\hobx'), type `I' and the correct
spelling (e.g., `I\hbox'). Otherwise just continue,
and I'll forget about whatever was undefined.


Package pstool Warning: No file "graphics/ex12.tex" or "graphics/ex12-psfrag.te
x" can be found that may contain macros for ".eps" on input line 380.


LaTeX Warning: Reference `fig:comparison02' on page 11 undefined on input line 
388.

[11]

LaTeX Warning: Reference `fig:ex13' on page 12 undefined on input line 394.


! Package pstool Error: No graphic "graphics/ex13.eps" or "graphics/ex13-psfrag
.eps" found.

See the pstool package documentation for explanation.
Type  H <return>  for immediate help.
 ...                                              
                                                  
l.398         \caption
                      {Manually inserted axis scalings.}
Check the path and whether the file exists.

! Undefined control sequence.
<write> ...at may contain macros for "\pstool@eps 
                                                  .eps"\on@line .
l.398         \caption
                      {Manually inserted axis scalings.}
The control sequence at the end of the top line
of your error message was never \def'ed. If you have
misspelled it (e.g., `\hobx'), type `I' and the correct
spelling (e.g., `I\hbox'). Otherwise just continue,
and I'll forget about whatever was undefined.


Package pstool Warning: No file "graphics/ex13.tex" or "graphics/ex13-psfrag.te
x" can be found that may contain macros for ".eps" on input line 398.


LaTeX Warning: Reference `sec:adv-axis' on page 12 undefined on input line 401.


LaTeX Font Info:    Try loading font information for TS1+pplx on input line 407
.
(c:/texlive/2017/texmf-dist/tex/latex/psnfss/ts1pplx.fd
File: ts1pplx.fd 2004/09/06 font definitions for TS1/pplx.
) [12] [13] [14]

LaTeX Warning: Reference `sec:legends' on page 15 undefined on input line 484.


LaTeX Warning: Reference `sec:in-lyx' on page 15 undefined on input line 514.


LaTeX Warning: Reference `sec:in-lyx' on page 15 undefined on input line 515.

[15]

LaTeX Warning: Reference `fig:comparison01-matlabfrag' on page 16 undefined on 
input line 530.


LaTeX Warning: Reference `sec:renderers' on page 16 undefined on input line 539
.

[16]

LaTeX Warning: Reference `fig:ex14' on page 17 undefined on input line 578.


! Package pstool Error: No graphic "graphics/ex14.eps" or "graphics/ex14-psfrag
.eps" found.

See the pstool package documentation for explanation.
Type  H <return>  for immediate help.
 ...                                              
                                                  
l.582         \caption
                      {Example showing the use of the {\ttfamily OpenGL} ren...

Check the path and whether the file exists.

! Undefined control sequence.
<write> ...at may contain macros for "\pstool@eps 
                                                  .eps"\on@line .
l.582         \caption
                      {Example showing the use of the {\ttfamily OpenGL} ren...
The control sequence at the end of the top line
of your error message was never \def'ed. If you have
misspelled it (e.g., `\hobx'), type `I' and the correct
spelling (e.g., `I\hbox'). Otherwise just continue,
and I'll forget about whatever was undefined.


Package pstool Warning: No file "graphics/ex14.tex" or "graphics/ex14-psfrag.te
x" can be found that may contain macros for ".eps" on input line 582.

[17]

LaTeX Warning: Reference `fig:ex15' on page 18 undefined on input line 591.


! Package pstool Error: No graphic "graphics/ex15.eps" or "graphics/ex15-psfrag
.eps" found.

See the pstool package documentation for explanation.
Type  H <return>  for immediate help.
 ...                                              
                                                  
l.595         \caption
                      {Example output when the renderer is set to {\ttfamily...

Check the path and whether the file exists.

! Undefined control sequence.
<write> ...at may contain macros for "\pstool@eps 
                                                  .eps"\on@line .
l.595         \caption
                      {Example output when the renderer is set to {\ttfamily...
The control sequence at the end of the top line
of your error message was never \def'ed. If you have
misspelled it (e.g., `\hobx'), type `I' and the correct
spelling (e.g., `I\hbox'). Otherwise just continue,
and I'll forget about whatever was undefined.


Package pstool Warning: No file "graphics/ex15.tex" or "graphics/ex15-psfrag.te
x" can be found that may contain macros for ".eps" on input line 595.


LaTeX Warning: Reference `fig:ex16' on page 18 undefined on input line 609.


! Package pstool Error: No graphic "graphics/ex16.eps" or "graphics/ex16-psfrag
.eps" found.

See the pstool package documentation for explanation.
Type  H <return>  for immediate help.
 ...                                              
                                                  
l.613        \caption
                     {An example {\ttfamily bodemag} plot demonstrating tick...

Check the path and whether the file exists.

! Undefined control sequence.
<write> ...at may contain macros for "\pstool@eps 
                                                  .eps"\on@line .
l.613        \caption
                     {An example {\ttfamily bodemag} plot demonstrating tick...
The control sequence at the end of the top line
of your error message was never \def'ed. If you have
misspelled it (e.g., `\hobx'), type `I' and the correct
spelling (e.g., `I\hbox'). Otherwise just continue,
and I'll forget about whatever was undefined.


Package pstool Warning: No file "graphics/ex16.tex" or "graphics/ex16-psfrag.te
x" can be found that may contain macros for ".eps" on input line 613.

[18]

LaTeX Warning: Reference `fig:ex17' on page 19 undefined on input line 636.


! Package pstool Error: No graphic "graphics/ex17.eps" or "graphics/ex17-psfrag
.eps" found.

See the pstool package documentation for explanation.
Type  H <return>  for immediate help.
 ...                                              
                                                  
l.641        \caption
                     {Axis scale positions for all permutations of the x and...

Check the path and whether the file exists.

! Undefined control sequence.
<write> ...at may contain macros for "\pstool@eps 
                                                  .eps"\on@line .
l.641        \caption
                     {Axis scale positions for all permutations of the x and...
The control sequence at the end of the top line
of your error message was never \def'ed. If you have
misspelled it (e.g., `\hobx'), type `I' and the correct
spelling (e.g., `I\hbox'). Otherwise just continue,
and I'll forget about whatever was undefined.


Package pstool Warning: No file "graphics/ex17.tex" or "graphics/ex17-psfrag.te
x" can be found that may contain macros for ".eps" on input line 641.


LaTeX Warning: Reference `fig:comparison02' on page 19 undefined on input line 
647.


LaTeX Warning: Reference `sec:axis-scaling' on page 19 undefined on input line 
649.

Package atveryend Info: Empty hook `BeforeClearDocument' on input line 652.
[19]
Package atveryend Info: Empty hook `AfterLastShipout' on input line 652.
 (./userguide.aux)
Package atveryend Info: Executing hook `AtVeryEndDocument' on input line 652.
Package atveryend Info: Executing hook `AtEndAfterFileList' on input line 652.


Package rerunfilecheck Warning: File `userguide.out' has changed.
(rerunfilecheck)                Rerun to get outlines right
(rerunfilecheck)                or use package `bookmark'.

Package rerunfilecheck Info: Checksums for `userguide.out':
(rerunfilecheck)             Before: <no file>
(rerunfilecheck)             After:  BE3761241465BE608475B004CE523261;2300.

LaTeX Warning: There were undefined references.


LaTeX Warning: Label(s) may have changed. Rerun to get cross-references right.

Package atveryend Info: Empty hook `AtVeryVeryEnd' on input line 652.
 ) 
Here is how much of TeX's memory you used:
 18100 strings out of 492995
 310309 string characters out of 6136402
 384189 words of memory out of 5000000
 20933 multiletter control sequences out of 15000+600000
 103699 words of font info for 365 fonts, out of 8000000 for 9000
 1141 hyphenation exceptions out of 8191
 44i,11n,87p,10328b,502s stack positions out of 5000i,500n,10000p,200000b,80000s
{c:/texlive/2017/texmf-dist/fonts/enc/dvips/lm/lm-ec.enc}{c:/texlive/2017/tex
mf-dist/fonts/enc/dvips/base/8r.enc}{c:/texlive/2017/texmf-dist/fonts/enc/dvips
/lm/lm-ts1.enc}<c:/texlive/2017/texmf-dist/fonts/type1/public/amsfonts/cm/cmr10
.pfb><c:/texlive/2017/texmf-dist/fonts/type1/public/amsfonts/cm/cmsy10.pfb><c:/
texlive/2017/texmf-dist/fonts/type1/public/fpl/fplrc8a.pfb><c:/texlive/2017/tex
mf-dist/fonts/type1/public/lm/lmtk10.pfb><c:/texlive/2017/texmf-dist/fonts/type
1/public/lm/lmtt10.pfb><c:/texlive/2017/texmf-dist/fonts/type1/public/lm/lmtt12
.pfb><c:/texlive/2017/texmf-dist/fonts/type1/public/lm/lmtt9.pfb><c:/texlive/20
17/texmf-dist/fonts/type1/urw/palatino/uplb8a.pfb><c:/texlive/2017/texmf-dist/f
onts/type1/urw/palatino/uplr8a.pfb><c:/texlive/2017/texmf-dist/fonts/type1/urw/
palatino/uplri8a.pfb>
Output written on userguide.pdf (19 pages, 218934 bytes).
PDF statistics:
 329 PDF objects out of 1000 (max. 8388607)
 292 compressed objects within 3 object streams
 101 named destinations out of 1000 (max. 500000)
 67585 words of extra memory for PDF output out of 74296 (max. 10000000)

